<?xml version="1.0" encoding="UTF-8"?>
<!-- Generated by org.testng.reporters.JUnitXMLReporter -->
<testsuite ignored="6" hostname="LAPTOP-TLS3V1C2" failures="0" tests="1" name="Default test" time="5.33" errors="0" timestamp="05 mar. 2022 05:12:17 GMT">
  <testcase classname="com.orange.qa.Naranja" name="TC007_Validate_Invalid_Password" time="5.286"/>
  <testcase classname="com.orange.qa.Naranja" name="TC004_Admin_DeleteUser" time="0.0">
    <ignored/>
  </testcase> <!-- TC004_Admin_DeleteUser -->
  <testcase classname="com.orange.qa.Naranja" name="TC005_Admin_CreateUserDisabled" time="0.0">
    <ignored/>
  </testcase> <!-- TC005_Admin_CreateUserDisabled -->
  <testcase classname="com.orange.qa.Naranja" name="TC006_Validate_User_Admin" time="0.0">
    <ignored/>
  </testcase> <!-- TC006_Validate_User_Admin -->
  <testcase classname="com.orange.qa.Naranja" name="TC002_Admin_SearchEmployee_NotExist" time="0.0">
    <ignored/>
  </testcase> <!-- TC002_Admin_SearchEmployee_NotExist -->
  <testcase classname="com.orange.qa.Naranja" name="TC001_Admin_SearchEmployee" time="0.0">
    <ignored/>
  </testcase> <!-- TC001_Admin_SearchEmployee -->
  <testcase classname="com.orange.qa.Naranja" name="TC003_Admin_AddNewUser" time="0.0">
    <ignored/>
  </testcase> <!-- TC003_Admin_AddNewUser -->
</testsuite> <!-- Default test -->
