<?xml version="1.0" encoding="UTF-8"?>
<testng-results ignored="0" total="1" passed="1" failed="0" skipped="0">
  <reporter-output>
  </reporter-output>
  <suite started-at="2022-03-01T07:50:24Z" name="Default suite" finished-at="2022-03-01T07:50:32Z" duration-ms="8290">
    <groups>
    </groups>
    <test started-at="2022-03-01T07:50:24Z" name="Default test" finished-at="2022-03-01T07:50:32Z" duration-ms="8290">
      <class name="TareaBasicaSele.Eje1">
        <test-method is-config="true" signature="beforeTest()[pri:0, instance:TareaBasicaSele.Eje1@6e005dc9]" started-at="2022-03-01T07:50:24Z" name="beforeTest" finished-at="2022-03-01T07:50:24Z" duration-ms="14" status="PASS">
          <reporter-output>
          </reporter-output>
        </test-method> <!-- beforeTest -->
        <test-method signature="validaFacebook()[pri:0, instance:TareaBasicaSele.Eje1@6e005dc9]" started-at="2022-03-01T07:50:24Z" name="validaFacebook" finished-at="2022-03-01T07:50:27Z" duration-ms="3231" status="PASS">
          <reporter-output>
          </reporter-output>
        </test-method> <!-- validaFacebook -->
        <test-method is-config="true" signature="afterTest()[pri:0, instance:TareaBasicaSele.Eje1@6e005dc9]" started-at="2022-03-01T07:50:27Z" name="afterTest" finished-at="2022-03-01T07:50:32Z" duration-ms="5012" status="PASS">
          <reporter-output>
          </reporter-output>
        </test-method> <!-- afterTest -->
      </class> <!-- TareaBasicaSele.Eje1 -->
    </test> <!-- Default test -->
  </suite> <!-- Default suite -->
</testng-results>
